Using pre-set license
Built from '2021.3/staging' branch; Version is '2021.3.9f1 (ad3870b89536) revision 11352176'; Using compiler version '192829333'; Build Type 'Release'
OS: 'Windows 10  (10.0.17763) 64bit Core' Language: 'ru' Physical Memory: 16232 MB
BatchMode: 1, IsHumanControllingUs: 0, StartBugReporterOnCrash: 0, Is64bit: 1, IsPro: 1

COMMAND LINE ARGUMENTS:
C:\Program Files\Unity\Hub\Editor\2021.3.9f1\Editor\Unity.exe
-adb2
-batchMode
-noUpm
-name
AssetImportWorker0
-projectPath
C:/Users/MAXIM/CourseMultiplayer/RTS
-logFile
Logs/AssetImportWorker0.log
-srvPort
49544
Successfully changed project path to: C:/Users/MAXIM/CourseMultiplayer/RTS
C:/Users/MAXIM/CourseMultiplayer/RTS
[UnityMemory] Configuration Parameters - Can be set up in boot.config
    "memorysetup-bucket-allocator-granularity=16"
    "memorysetup-bucket-allocator-bucket-count=8"
    "memorysetup-bucket-allocator-block-size=33554432"
    "memorysetup-bucket-allocator-block-count=8"
    "memorysetup-main-allocator-block-size=16777216"
    "memorysetup-thread-allocator-block-size=16777216"
    "memorysetup-gfx-main-allocator-block-size=16777216"
    "memorysetup-gfx-thread-allocator-block-size=16777216"
    "memorysetup-cache-allocator-block-size=4194304"
    "memorysetup-typetree-allocator-block-size=2097152"
    "memorysetup-profiler-bucket-allocator-granularity=16"
    "memorysetup-profiler-bucket-allocator-bucket-count=8"
    "memorysetup-profiler-bucket-allocator-block-size=33554432"
    "memorysetup-profiler-bucket-allocator-block-count=8"
    "memorysetup-profiler-allocator-block-size=16777216"
    "memorysetup-profiler-editor-allocator-block-size=1048576"
    "memorysetup-temp-allocator-size-main=16777216"
    "memorysetup-job-temp-allocator-block-size=2097152"
    "memorysetup-job-temp-allocator-block-size-background=1048576"
    "memorysetup-job-temp-allocator-reduction-small-platforms=262144"
    "memorysetup-temp-allocator-size-background-worker=32768"
    "memorysetup-temp-allocator-size-job-worker=262144"
    "memorysetup-temp-allocator-size-preload-manager=33554432"
    "memorysetup-temp-allocator-size-nav-mesh-worker=65536"
    "memorysetup-temp-allocator-size-audio-worker=65536"
    "memorysetup-temp-allocator-size-cloud-worker=32768"
    "memorysetup-temp-allocator-size-gi-baking-worker=262144"
    "memorysetup-temp-allocator-size-gfx=262144"
Refreshing native plugins compatible for Editor in 166.14 ms, found 4 plugins.
Preloading 0 native plugins for Editor in 0.00 ms.
Initialize engine version: 2021.3.9f1 (ad3870b89536)
[Subsystems] Discovering subsystems at path C:/Program Files/Unity/Hub/Editor/2021.3.9f1/Editor/Data/Resources/UnitySubsystems
[Subsystems] Discovering subsystems at path C:/Users/MAXIM/CourseMultiplayer/RTS/Assets
GfxDevice: creating device client; threaded=0; jobified=0
Direct3D:
    Version:  Direct3D 11.0 [level 11.1]
    Renderer: NVIDIA GeForce GTX 1660 Ti (ID=0x2191)
    Vendor:   NVIDIA
    VRAM:     5979 MB
    Driver:   31.0.15.2756
Initialize mono
Mono path[0] = 'C:/Program Files/Unity/Hub/Editor/2021.3.9f1/Editor/Data/Managed'
Mono path[1] = 'C:/Program Files/Unity/Hub/Editor/2021.3.9f1/Editor/Data/MonoBleedingEdge/lib/mono/unityjit-win32'
Mono config path = 'C:/Program Files/Unity/Hub/Editor/2021.3.9f1/Editor/Data/MonoBleedingEdge/etc'
Using monoOptions --debugger-agent=transport=dt_socket,embedding=1,server=y,suspend=n,address=127.0.0.1:56308
Begin MonoManager ReloadAssembly
Registering precompiled unity dll's ...
Register platform support module: C:/Program Files/Unity/Hub/Editor/2021.3.9f1/Editor/Data/PlaybackEngines/AndroidPlayer/UnityEditor.Android.Extensions.dll
Register platform support module: C:/Program Files/Unity/Hub/Editor/2021.3.9f1/Editor/Data/PlaybackEngines/WindowsStandaloneSupport/UnityEditor.WindowsStandalone.Extensions.dll
Registered in 0.006312 seconds.
Native extension for WindowsStandalone target not found
Native extension for Android target not found
Refreshing native plugins compatible for Editor in 164.01 ms, found 4 plugins.
Preloading 0 native plugins for Editor in 0.00 ms.
Mono: successfully reloaded assembly
- Completed reload, in  0.742 seconds
Domain Reload Profiling:
	ReloadAssembly (742ms)
		BeginReloadAssembly (68ms)
			ExecutionOrderSort (0ms)
			DisableScriptedObjects (0ms)
			BackupInstance (0ms)
			ReleaseScriptingObjects (0ms)
			CreateAndSetChildDomain (1ms)
		EndReloadAssembly (563ms)
			LoadAssemblies (66ms)
			RebuildTransferFunctionScriptingTraits (0ms)
			SetupTypeCache (109ms)
			ReleaseScriptCaches (0ms)
			RebuildScriptCaches (31ms)
			SetupLoadedEditorAssemblies (371ms)
				LogAssemblyErrors (0ms)
				InitializePlatformSupportModulesInManaged (59ms)
				SetLoadedEditorAssemblies (0ms)
				RefreshPlugins (164ms)
				BeforeProcessingInitializeOnLoad (2ms)
				ProcessInitializeOnLoadAttributes (94ms)
				ProcessInitializeOnLoadMethodAttributes (51ms)
				AfterProcessingInitializeOnLoad (0ms)
				EditorAssembliesLoaded (0ms)
			ExecutionOrderSort2 (0ms)
			AwakeInstancesAfterBackupRestoration (0ms)
Platform modules already initialized, skipping
Registering precompiled user dll's ...
Registered in 0.011373 seconds.
Begin MonoManager ReloadAssembly
Symbol file LoadedFromMemory doesn't match image C:\Users\MAXIM\CourseMultiplayer\RTS\Library\PackageCache\com.unity.visualscripting@1.7.8\Editor\VisualScripting.Core\Dependencies\DotNetZip\Unity.VisualScripting.IonicZip.dll
Symbol file LoadedFromMemory doesn't match image C:\Users\MAXIM\CourseMultiplayer\RTS\Library\PackageCache\com.unity.visualscripting@1.7.8\Editor\VisualScripting.Core\Dependencies\YamlDotNet\Unity.VisualScripting.YamlDotNet.dll
Native extension for WindowsStandalone target not found
Native extension for Android target not found
Refreshing native plugins compatible for Editor in 157.34 ms, found 4 plugins.
Preloading 0 native plugins for Editor in 0.00 ms.
Package Manager log level set to [2]
Mirror | mirror-networking.com | discord.gg/N9QVxbM
UnityEngine.StackTraceUtility:ExtractStackTrace ()
UnityEngine.DebugLogHandler:LogFormat (UnityEngine.LogType,UnityEngine.Object,string,object[])
UnityEngine.Logger:Log (UnityEngine.LogType,object)
UnityEngine.Debug:Log (object)
Mirror.Welcome:OnInitializeOnLoad () (at Assets/Mirror/Editor/Welcome.cs:18)
System.Reflection.RuntimeMethodInfo:Invoke (object,System.Reflection.BindingFlags,System.Reflection.Binder,object[],System.Globalization.CultureInfo)
System.Reflection.MethodBase:Invoke (object,object[])
UnityEditor.EditorAssemblies:ProcessInitializeOnLoadMethodAttributes ()

(Filename: Assets/Mirror/Editor/Welcome.cs Line: 18)

Mono: successfully reloaded assembly
- Completed reload, in  2.019 seconds
Domain Reload Profiling:
	ReloadAssembly (2020ms)
		BeginReloadAssembly (239ms)
			ExecutionOrderSort (0ms)
			DisableScriptedObjects (10ms)
			BackupInstance (0ms)
			ReleaseScriptingObjects (0ms)
			CreateAndSetChildDomain (119ms)
		EndReloadAssembly (1642ms)
			LoadAssemblies (117ms)
			RebuildTransferFunctionScriptingTraits (0ms)
			SetupTypeCache (431ms)
			ReleaseScriptCaches (1ms)
			RebuildScriptCaches (100ms)
			SetupLoadedEditorAssemblies (937ms)
				LogAssemblyErrors (0ms)
				InitializePlatformSupportModulesInManaged (14ms)
				SetLoadedEditorAssemblies (0ms)
				RefreshPlugins (157ms)
				BeforeProcessingInitializeOnLoad (157ms)
				ProcessInitializeOnLoadAttributes (409ms)
				ProcessInitializeOnLoadMethodAttributes (191ms)
				AfterProcessingInitializeOnLoad (8ms)
				EditorAssembliesLoaded (0ms)
			ExecutionOrderSort2 (0ms)
			AwakeInstancesAfterBackupRestoration (8ms)
Platform modules already initialized, skipping
========================================================================
Worker process is ready to serve import requests
Launched and connected shader compiler UnityShaderCompiler.exe after 0.10 seconds
Refreshing native plugins compatible for Editor in 1.62 ms, found 4 plugins.
Preloading 0 native plugins for Editor in 0.00 ms.
Unloading 7326 Unused Serialized files (Serialized files now loaded: 0)
Unloading 113 unused Assets / (1.8 MB). Loaded Objects now: 7733.
Memory consumption went from 287.2 MB to 285.4 MB.
Total: 8.506300 ms (FindLiveObjects: 0.632800 ms CreateObjectMapping: 0.639300 ms MarkObjects: 6.775600 ms  DeleteObjects: 0.457400 ms)

AssetImportParameters requested are different than current active one (requested -> active):
  custom:video-decoder-ogg-theora: a1e56fd34408186e4bbccfd4996cb3dc -> 
  custom:container-muxer-webm: aa71ff27fc2769a1b78a27578f13a17b -> 
  custom:container-demuxer-webm: 4f35f7cbe854078d1ac9338744f61a02 -> 
  custom:video-encoder-webm-vp8: eb34c28f22e8b96e1ab97ce403110664 -> 
  custom:audio-encoder-webm-vorbis: bf7c407c2cedff20999df2af8eb42d56 -> 
  custom:framework-win-MediaFoundation: 216162199b28c13a410421893ffa2e32 -> 
  custom:container-demuxer-ogg: 62fdf1f143b41e24485cea50d1cbac27 -> 
  custom:video-decoder-webm-vp8: 9c59270c3fd7afecdb556c50c9e8de78 -> 
  custom:audio-decoder-ogg-vorbis: bf7c407c2cedff20999df2af8eb42d56 -> 
========================================================================
Received Import Request.
  Time since last request: 2467884.372925 seconds.
  path: Assets/Scenes/Scene_Map_01.unity
  artifactKey: Guid(9fc0d4010bbf28b4594072e72b8655ab) Importer(815301076,1909f56bfc062723c751e8b465ee728b)
Start importing Assets/Scenes/Scene_Map_01.unity using Guid(9fc0d4010bbf28b4594072e72b8655ab) Importer(815301076,1909f56bfc062723c751e8b465ee728b)  -> (artifact id: '55996ada9dc23c7c8f51c123fb266e47') in 0.012998 seconds 
========================================================================
Received Import Request.
  Time since last request: 7.952399 seconds.
  path: Assets/Prefabs/FogOfWarScene.prefab
  artifactKey: Guid(cdc8c5904ff8e6a4a924118f6b1d7e3c) Importer(815301076,1909f56bfc062723c751e8b465ee728b)
Start importing Assets/Prefabs/FogOfWarScene.prefab using Guid(cdc8c5904ff8e6a4a924118f6b1d7e3c) Importer(815301076,1909f56bfc062723c751e8b465ee728b)  -> (artifact id: 'ec2ceaac8f25d1afd8031ecd3cca4ad3') in 0.060477 seconds 
========================================================================
Received Import Request.
  Time since last request: 5.254171 seconds.
  path: Assets/Prefabs/Unit.prefab
  artifactKey: Guid(4eeb599b33052e64b982c13092862dc8) Importer(815301076,1909f56bfc062723c751e8b465ee728b)
Start importing Assets/Prefabs/Unit.prefab using Guid(4eeb599b33052e64b982c13092862dc8) Importer(815301076,1909f56bfc062723c751e8b465ee728b)  -> (artifact id: '30aef56506390ef243fe4cc66216674c') in 0.268483 seconds 
========================================================================
Received Import Request.
  Time since last request: 7.508470 seconds.
  path: Assets/Prefabs/SmallUnitSpawnerPreview.prefab
  artifactKey: Guid(478d218b5dee09c4287dedb47917eba1) Importer(815301076,1909f56bfc062723c751e8b465ee728b)
Start importing Assets/Prefabs/SmallUnitSpawnerPreview.prefab using Guid(478d218b5dee09c4287dedb47917eba1) Importer(815301076,1909f56bfc062723c751e8b465ee728b)  -> (artifact id: 'fd58dc52754281468d2f39d8273e5fa3') in 0.013888 seconds 
========================================================================
Received Import Request.
  Time since last request: 2.118894 seconds.
  path: Assets/Prefabs/BigUnit.prefab
  artifactKey: Guid(380c58612ea8ac24ba467607a335c0d9) Importer(815301076,1909f56bfc062723c751e8b465ee728b)
Start importing Assets/Prefabs/BigUnit.prefab using Guid(380c58612ea8ac24ba467607a335c0d9) Importer(815301076,1909f56bfc062723c751e8b465ee728b)  -> (artifact id: 'f587a90f6fca092ebd7d5625ee3d4168') in 0.045634 seconds 
========================================================================
Received Import Request.
  Time since last request: 11.743139 seconds.
  path: Assets/Prefabs/BuilderUnit.prefab
  artifactKey: Guid(de20ecdd55e3ffc4899809a79c230f22) Importer(815301076,1909f56bfc062723c751e8b465ee728b)
Start importing Assets/Prefabs/BuilderUnit.prefab using Guid(de20ecdd55e3ffc4899809a79c230f22) Importer(815301076,1909f56bfc062723c751e8b465ee728b)  -> (artifact id: 'fea6bb1fdb463844f7500d7f4e955f53') in 0.083434 seconds 
========================================================================
Received Import Request.
  Time since last request: 15.759906 seconds.
  path: Assets/Prefabs/Units/BigUnit.prefab
  artifactKey: Guid(7f98eab97eb6151459402fe4a4383171) Importer(815301076,1909f56bfc062723c751e8b465ee728b)
Start importing Assets/Prefabs/Units/BigUnit.prefab using Guid(7f98eab97eb6151459402fe4a4383171) Importer(815301076,1909f56bfc062723c751e8b465ee728b)  -> (artifact id: 'e01b4573aed8592571510365cdbd8dbb') in 0.063742 seconds 
========================================================================
Received Import Request.
  Time since last request: 4.951274 seconds.
  path: Assets/Prefabs/Units/BigUnitProjectile.prefab
  artifactKey: Guid(2c556f07c59f91d459e9ba55933e6f55) Importer(815301076,1909f56bfc062723c751e8b465ee728b)
Start importing Assets/Prefabs/Units/BigUnitProjectile.prefab using Guid(2c556f07c59f91d459e9ba55933e6f55) Importer(815301076,1909f56bfc062723c751e8b465ee728b)  -> (artifact id: '84802cd925f23be4e1e2782132351873') in 0.011955 seconds 
========================================================================
Received Import Request.
  Time since last request: 60.542267 seconds.
  path: Assets/Prefabs/UnitSpawningCanvas.prefab
  artifactKey: Guid(c44bca36213f0af448c6c72b4a9b146a) Importer(815301076,1909f56bfc062723c751e8b465ee728b)
Start importing Assets/Prefabs/UnitSpawningCanvas.prefab using Guid(c44bca36213f0af448c6c72b4a9b146a) Importer(815301076,1909f56bfc062723c751e8b465ee728b)  -> (artifact id: 'ef746be483b4d47dc098b496b5239ced') in 0.023987 seconds 
========================================================================
Received Import Request.
  Time since last request: 5.605541 seconds.
  path: Assets/Prefabs/BuildingButton.prefab
  artifactKey: Guid(f4cc474103f6e324cb80be91a08f2fd6) Importer(815301076,1909f56bfc062723c751e8b465ee728b)
Start importing Assets/Prefabs/BuildingButton.prefab using Guid(f4cc474103f6e324cb80be91a08f2fd6) Importer(815301076,1909f56bfc062723c751e8b465ee728b)  -> (artifact id: 'e304852f4e1fc5094df0bfcbb09f6aa8') in 0.024670 seconds 
========================================================================
Received Import Request.
  Time since last request: 4.342649 seconds.
  path: Assets/Prefabs/Building.prefab
  artifactKey: Guid(252600f3b7fdda94ab2cfa9de4bfea81) Importer(815301076,1909f56bfc062723c751e8b465ee728b)
Start importing Assets/Prefabs/Building.prefab using Guid(252600f3b7fdda94ab2cfa9de4bfea81) Importer(815301076,1909f56bfc062723c751e8b465ee728b)  -> (artifact id: '1202a1044e713fe043b12a70cc2c4583') in 0.046816 seconds 
========================================================================
Received Import Request.
  Time since last request: 6.980120 seconds.
  path: Assets/Prefabs/ResourceGenerator.prefab
  artifactKey: Guid(81cc99a276d00ac45893089ff088a10b) Importer(815301076,1909f56bfc062723c751e8b465ee728b)
Start importing Assets/Prefabs/ResourceGenerator.prefab using Guid(81cc99a276d00ac45893089ff088a10b) Importer(815301076,1909f56bfc062723c751e8b465ee728b)  -> (artifact id: '734d708653bb3564d052a4d8a4db55ff') in 0.047844 seconds 
========================================================================
Received Import Request.
  Time since last request: 1.968684 seconds.
  path: Assets/Prefabs/ResourceGeneratorPreview.prefab
  artifactKey: Guid(592bd8988142baa42beb2bba51eea162) Importer(815301076,1909f56bfc062723c751e8b465ee728b)
Start importing Assets/Prefabs/ResourceGeneratorPreview.prefab using Guid(592bd8988142baa42beb2bba51eea162) Importer(815301076,1909f56bfc062723c751e8b465ee728b)  -> (artifact id: 'b7adac166c73e8f036388d8579cb3dbe') in 0.016421 seconds 
========================================================================
Received Import Request.
  Time since last request: 1.813381 seconds.
  path: Assets/Prefabs/ResourcesDisplay.prefab
  artifactKey: Guid(a7d311fc29e340f46a75b470381104af) Importer(815301076,1909f56bfc062723c751e8b465ee728b)
Start importing Assets/Prefabs/ResourcesDisplay.prefab using Guid(a7d311fc29e340f46a75b470381104af) Importer(815301076,1909f56bfc062723c751e8b465ee728b)  -> (artifact id: '74fd60c553819dfd30cb253471334fed') in 0.024465 seconds 
========================================================================
Received Import Request.
  Time since last request: 8.734560 seconds.
  path: Assets/Prefabs/Projectile.prefab
  artifactKey: Guid(441e9443ad7ddd84399fdc8e87f7e817) Importer(815301076,1909f56bfc062723c751e8b465ee728b)
Start importing Assets/Prefabs/Projectile.prefab using Guid(441e9443ad7ddd84399fdc8e87f7e817) Importer(815301076,1909f56bfc062723c751e8b465ee728b)  -> (artifact id: 'e1d7bbeba5e5d7656b9ea2dd68d8bd85') in 0.011118 seconds 
========================================================================
Received Import Request.
  Time since last request: 11.266068 seconds.
  path: Assets/Prefabs/MinimapDisplay.prefab
  artifactKey: Guid(d86bd359cf058694c96192e8600ef129) Importer(815301076,1909f56bfc062723c751e8b465ee728b)
Start importing Assets/Prefabs/MinimapDisplay.prefab using Guid(d86bd359cf058694c96192e8600ef129) Importer(815301076,1909f56bfc062723c751e8b465ee728b)  -> (artifact id: '507de714e1a2be965918b22e7b528143') in 0.008249 seconds 
========================================================================
Received Import Request.
  Time since last request: 4.616784 seconds.
  path: Assets/Prefabs/MenuDisplay.prefab
  artifactKey: Guid(be9e506f8b9bd664d92bb9795e99829c) Importer(815301076,1909f56bfc062723c751e8b465ee728b)
Start importing Assets/Prefabs/MenuDisplay.prefab using Guid(be9e506f8b9bd664d92bb9795e99829c) Importer(815301076,1909f56bfc062723c751e8b465ee728b)  -> (artifact id: '19b6a4f2200a0c72c7ba21f20161c91c') in 0.006903 seconds 
========================================================================
Received Import Request.
  Time since last request: 6.387132 seconds.
  path: Assets/Prefabs/HealthBarCanvas.prefab
  artifactKey: Guid(6002d864ac058c44ba24f02418791cc3) Importer(815301076,1909f56bfc062723c751e8b465ee728b)
Start importing Assets/Prefabs/HealthBarCanvas.prefab using Guid(6002d864ac058c44ba24f02418791cc3) Importer(815301076,1909f56bfc062723c751e8b465ee728b)  -> (artifact id: '56bc2a82e3ba20cd5ceed9df6744ed3a') in 0.007141 seconds 
========================================================================
Received Import Request.
  Time since last request: 9.181025 seconds.
  path: Assets/Prefabs/GameOverHandler.prefab
  artifactKey: Guid(beeb39bc72059a542a74bce1f9fee821) Importer(815301076,1909f56bfc062723c751e8b465ee728b)
Start importing Assets/Prefabs/GameOverHandler.prefab using Guid(beeb39bc72059a542a74bce1f9fee821) Importer(815301076,1909f56bfc062723c751e8b465ee728b)  -> (artifact id: 'be1b93a32d72438b2f7d439f2d3d3402') in 0.007855 seconds 
========================================================================
Received Import Request.
  Time since last request: 5.271253 seconds.
  path: Assets/Prefabs/GameOverDisplay.prefab
  artifactKey: Guid(a0d044ab7210ef54fbb2d61de6d46634) Importer(815301076,1909f56bfc062723c751e8b465ee728b)
Start importing Assets/Prefabs/GameOverDisplay.prefab using Guid(a0d044ab7210ef54fbb2d61de6d46634) Importer(815301076,1909f56bfc062723c751e8b465ee728b)  -> (artifact id: 'bd459f7f79e453f5b55ad0d0a839deef') in 0.023654 seconds 
========================================================================
Received Import Request.
  Time since last request: 3.725845 seconds.
  path: Assets/Prefabs/FogOfWar.prefab
  artifactKey: Guid(d267b419575b11f4c860ba94ae34ba39) Importer(815301076,1909f56bfc062723c751e8b465ee728b)
Start importing Assets/Prefabs/FogOfWar.prefab using Guid(d267b419575b11f4c860ba94ae34ba39) Importer(815301076,1909f56bfc062723c751e8b465ee728b)  -> (artifact id: '4805db42f27f0ce19ec5254b65bd14d6') in 0.022453 seconds 
========================================================================
Received Import Request.
  Time since last request: 6.234578 seconds.
  path: Assets/Prefabs/BuildingsDisplay.prefab
  artifactKey: Guid(6022c272bd0c08a4e9027191b46c86f6) Importer(815301076,1909f56bfc062723c751e8b465ee728b)
Start importing Assets/Prefabs/BuildingsDisplay.prefab using Guid(6022c272bd0c08a4e9027191b46c86f6) Importer(815301076,1909f56bfc062723c751e8b465ee728b)  -> (artifact id: '324f0a8ab990e3a9fbb5c5bcefa94947') in 0.047123 seconds 
========================================================================
Received Import Request.
  Time since last request: 9.369070 seconds.
  path: Assets/Prefabs/Player.prefab
  artifactKey: Guid(a9d0706f660253b4c9f199f1c705416a) Importer(815301076,1909f56bfc062723c751e8b465ee728b)
Start importing Assets/Prefabs/Player.prefab using Guid(a9d0706f660253b4c9f199f1c705416a) Importer(815301076,1909f56bfc062723c751e8b465ee728b)  -> (artifact id: 'bb9c5b16f3b24faf4ece23f509127c39') in 0.043038 seconds 
========================================================================
Received Import Request.
  Time since last request: 21.046155 seconds.
  path: Assets/Scenes/Scene_Menu.unity
  artifactKey: Guid(95e60c0ae9fb28940a0d685f9efdbcaf) Importer(815301076,1909f56bfc062723c751e8b465ee728b)
Start importing Assets/Scenes/Scene_Menu.unity using Guid(95e60c0ae9fb28940a0d685f9efdbcaf) Importer(815301076,1909f56bfc062723c751e8b465ee728b)  -> (artifact id: 'fa5000f8ef0961cd17ffb0b272491c88') in 0.002891 seconds 
========================================================================
Received Prepare
Refreshing native plugins compatible for Editor in 17.29 ms, found 4 plugins.
Preloading 0 native plugins for Editor in 0.00 ms.
Unloading 88 Unused Serialized files (Serialized files now loaded: 0)
Unloading 90 unused Assets / (1.8 MB). Loaded Objects now: 7826.
Memory consumption went from 138.0 MB to 136.2 MB.
Total: 9.117000 ms (FindLiveObjects: 0.547300 ms CreateObjectMapping: 0.581500 ms MarkObjects: 7.527900 ms  DeleteObjects: 0.459400 ms)

AssetImportParameters requested are different than current active one (requested -> active):
  custom:video-decoder-ogg-theora: a1e56fd34408186e4bbccfd4996cb3dc -> 
  custom:container-muxer-webm: aa71ff27fc2769a1b78a27578f13a17b -> 
  custom:container-demuxer-webm: 4f35f7cbe854078d1ac9338744f61a02 -> 
  custom:video-encoder-webm-vp8: eb34c28f22e8b96e1ab97ce403110664 -> 
  custom:audio-encoder-webm-vorbis: bf7c407c2cedff20999df2af8eb42d56 -> 
  custom:framework-win-MediaFoundation: 216162199b28c13a410421893ffa2e32 -> 
  custom:container-demuxer-ogg: 62fdf1f143b41e24485cea50d1cbac27 -> 
  custom:video-decoder-webm-vp8: 9c59270c3fd7afecdb556c50c9e8de78 -> 
  custom:audio-decoder-ogg-vorbis: bf7c407c2cedff20999df2af8eb42d56 -> 
========================================================================
Received Prepare
Registering precompiled user dll's ...
Registered in 0.016482 seconds.
Begin MonoManager ReloadAssembly
Symbol file LoadedFromMemory doesn't match image C:\Users\MAXIM\CourseMultiplayer\RTS\Library\PackageCache\com.unity.visualscripting@1.7.8\Editor\VisualScripting.Core\Dependencies\DotNetZip\Unity.VisualScripting.IonicZip.dll
Symbol file LoadedFromMemory doesn't match image C:\Users\MAXIM\CourseMultiplayer\RTS\Library\PackageCache\com.unity.visualscripting@1.7.8\Editor\VisualScripting.Core\Dependencies\YamlDotNet\Unity.VisualScripting.YamlDotNet.dll
Native extension for WindowsStandalone target not found
Native extension for Android target not found
Refreshing native plugins compatible for Editor in 1.63 ms, found 4 plugins.
Preloading 0 native plugins for Editor in 0.00 ms.
Mono: successfully reloaded assembly
- Completed reload, in  1.790 seconds
Domain Reload Profiling:
	ReloadAssembly (1790ms)
		BeginReloadAssembly (204ms)
			ExecutionOrderSort (0ms)
			DisableScriptedObjects (10ms)
			BackupInstance (0ms)
			ReleaseScriptingObjects (0ms)
			CreateAndSetChildDomain (73ms)
		EndReloadAssembly (1458ms)
			LoadAssemblies (139ms)
			RebuildTransferFunctionScriptingTraits (0ms)
			SetupTypeCache (355ms)
			ReleaseScriptCaches (2ms)
			RebuildScriptCaches (56ms)
			SetupLoadedEditorAssemblies (814ms)
				LogAssemblyErrors (0ms)
				InitializePlatformSupportModulesInManaged (24ms)
				SetLoadedEditorAssemblies (1ms)
				RefreshPlugins (2ms)
				BeforeProcessingInitializeOnLoad (140ms)
				ProcessInitializeOnLoadAttributes (445ms)
				ProcessInitializeOnLoadMethodAttributes (192ms)
				AfterProcessingInitializeOnLoad (9ms)
				EditorAssembliesLoaded (0ms)
			ExecutionOrderSort2 (0ms)
			AwakeInstancesAfterBackupRestoration (16ms)
Platform modules already initialized, skipping
Refreshing native plugins compatible for Editor in 11.74 ms, found 4 plugins.
Preloading 0 native plugins for Editor in 0.00 ms.
Unloading 7145 Unused Serialized files (Serialized files now loaded: 0)
Unloading 88 unused Assets / (1.8 MB). Loaded Objects now: 7805.
Memory consumption went from 280.3 MB to 278.5 MB.
Total: 9.209700 ms (FindLiveObjects: 0.669100 ms CreateObjectMapping: 0.709200 ms MarkObjects: 7.424000 ms  DeleteObjects: 0.406200 ms)

AssetImportParameters requested are different than current active one (requested -> active):
  custom:video-decoder-ogg-theora: a1e56fd34408186e4bbccfd4996cb3dc -> 
  custom:container-muxer-webm: aa71ff27fc2769a1b78a27578f13a17b -> 
  custom:container-demuxer-webm: 4f35f7cbe854078d1ac9338744f61a02 -> 
  custom:video-encoder-webm-vp8: eb34c28f22e8b96e1ab97ce403110664 -> 
  custom:audio-encoder-webm-vorbis: bf7c407c2cedff20999df2af8eb42d56 -> 
  custom:framework-win-MediaFoundation: 216162199b28c13a410421893ffa2e32 -> 
  custom:container-demuxer-ogg: 62fdf1f143b41e24485cea50d1cbac27 -> 
  custom:video-decoder-webm-vp8: 9c59270c3fd7afecdb556c50c9e8de78 -> 
  custom:audio-decoder-ogg-vorbis: bf7c407c2cedff20999df2af8eb42d56 -> 
========================================================================
Received Import Request.
  Time since last request: 392.129381 seconds.
  path: Assets/Prefabs/Units/Unit.prefab
  artifactKey: Guid(8a7e418e3da987e4a94ba05e2b7d1943) Importer(815301076,1909f56bfc062723c751e8b465ee728b)
Start importing Assets/Prefabs/Units/Unit.prefab using Guid(8a7e418e3da987e4a94ba05e2b7d1943) Importer(815301076,1909f56bfc062723c751e8b465ee728b)  -> (artifact id: '978f4e1d49d425f3291c1f6a82382788') in 0.265427 seconds 
========================================================================
Received Import Request.
  Time since last request: 4.593456 seconds.
  path: Assets/Prefabs/Units/Projectile.prefab
  artifactKey: Guid(5d2a87ed6c3bd2a48a8cc793aed4f908) Importer(815301076,1909f56bfc062723c751e8b465ee728b)
Start importing Assets/Prefabs/Units/Projectile.prefab using Guid(5d2a87ed6c3bd2a48a8cc793aed4f908) Importer(815301076,1909f56bfc062723c751e8b465ee728b)  -> (artifact id: '02d11e97862bdc739ba269239fed8eb0') in 0.012115 seconds 
========================================================================
Received Import Request.
  Time since last request: 0.701169 seconds.
  path: Assets/Prefabs/Units/SmallUnit.prefab
  artifactKey: Guid(8a7280f81847faf4eb175bc96bb56687) Importer(815301076,1909f56bfc062723c751e8b465ee728b)
Start importing Assets/Prefabs/Units/SmallUnit.prefab using Guid(8a7280f81847faf4eb175bc96bb56687) Importer(815301076,1909f56bfc062723c751e8b465ee728b)  -> (artifact id: '87cb4b4b2fb3de003fd7b8aab48c0f49') in 0.043238 seconds 
========================================================================
Received Import Request.
  Time since last request: 7.051693 seconds.
  path: Assets/Prefabs/Units/SmallUnitProjectile.prefab
  artifactKey: Guid(cebdccfc11f19ed47b26465c90a8b805) Importer(815301076,1909f56bfc062723c751e8b465ee728b)
Start importing Assets/Prefabs/Units/SmallUnitProjectile.prefab using Guid(cebdccfc11f19ed47b26465c90a8b805) Importer(815301076,1909f56bfc062723c751e8b465ee728b)  -> (artifact id: '3db0764f20d28e54534fc0913f009dde') in 0.013945 seconds 
========================================================================
Received Prepare
Registering precompiled user dll's ...
Registered in 0.012705 seconds.
Begin MonoManager ReloadAssembly
Symbol file LoadedFromMemory doesn't match image C:\Users\MAXIM\CourseMultiplayer\RTS\Library\PackageCache\com.unity.visualscripting@1.7.8\Editor\VisualScripting.Core\Dependencies\DotNetZip\Unity.VisualScripting.IonicZip.dll
Symbol file LoadedFromMemory doesn't match image C:\Users\MAXIM\CourseMultiplayer\RTS\Library\PackageCache\com.unity.visualscripting@1.7.8\Editor\VisualScripting.Core\Dependencies\YamlDotNet\Unity.VisualScripting.YamlDotNet.dll
Native extension for WindowsStandalone target not found
Native extension for Android target not found
Refreshing native plugins compatible for Editor in 1.78 ms, found 4 plugins.
Preloading 0 native plugins for Editor in 0.00 ms.
Mono: successfully reloaded assembly
- Completed reload, in  1.958 seconds
Domain Reload Profiling:
	ReloadAssembly (1959ms)
		BeginReloadAssembly (193ms)
			ExecutionOrderSort (0ms)
			DisableScriptedObjects (10ms)
			BackupInstance (0ms)
			ReleaseScriptingObjects (0ms)
			CreateAndSetChildDomain (75ms)
		EndReloadAssembly (1629ms)
			LoadAssemblies (139ms)
			RebuildTransferFunctionScriptingTraits (0ms)
			SetupTypeCache (545ms)
			ReleaseScriptCaches (2ms)
			RebuildScriptCaches (65ms)
			SetupLoadedEditorAssemblies (748ms)
				LogAssemblyErrors (0ms)
				InitializePlatformSupportModulesInManaged (26ms)
				SetLoadedEditorAssemblies (1ms)
				RefreshPlugins (2ms)
				BeforeProcessingInitializeOnLoad (110ms)
				ProcessInitializeOnLoadAttributes (361ms)
				ProcessInitializeOnLoadMethodAttributes (236ms)
				AfterProcessingInitializeOnLoad (12ms)
				EditorAssembliesLoaded (0ms)
			ExecutionOrderSort2 (0ms)
			AwakeInstancesAfterBackupRestoration (19ms)
Platform modules already initialized, skipping
